
Copyright (C) 1994-2025 Synopsys, Inc.
This Synopsys software and all associated documentation are proprietary to Synopsys, Inc.
and may only be used pursuant to the terms and conditions of a written license agreement
with Synopsys, Inc. All other use, reproduction, modification, or distribution of the
Synopsys software or the associated documentation is strictly prohibited.
Tool: Synplify Pro (R)
Build: W-2025.03M-SP1-1
Install: E:\Microchip\Libero_SoC_2025.2\Libero_SoC\Synplify_Pro
OS: Windows 10 or later
Hostname: LAPTOP-JM793N9B

Implementation : synthesis

# Written on Tue Jun  2 17:30:15 2026

##### DESIGN INFO #######################################################

Top View:                "apb_slave"
Constraint File(s):      "E:\Projects\DRDO\drdo\designer\apb_slave\synthesis.fdc"




##### SUMMARY ############################################################

Found 0 issues in 0 out of 0 constraints


##### DETAILS ############################################################


Clock Summary
*************

          Start              Requested     Requested     Clock        Clock                                          Clock
Level     Clock              Frequency     Period        Type         Group                                          Load 
--------------------------------------------------------------------------------------------------------------------------
0 -       apb_slave|PCLK     100.0 MHz     10.000        inferred     Inferred_clkgroup_0, Inferred_clkgroup_0_1     128  
==========================================================================================================================


Clock Load Summary
******************

                   Clock     Source         Clock Pin                Non-clock Pin     Non-clock Pin
Clock              Load      Pin            Seq Example              Seq Example       Comb Example 
----------------------------------------------------------------------------------------------------
apb_slave|PCLK     128       PCLK(port)     reg_bank_0[31:0].CLK     -                 -            
====================================================================================================



Clock Relationships
*******************

Starting           Ending             |     rise to rise     |     fall to fall     |     rise to fall     |     fall to rise                     
-------------------------------------------------------------------------------------------------------------------------------------------------
apb_slave|PCLK     apb_slave|PCLK     |     10.000           |     No paths         |     No paths         |     No paths                         
=================================================================================================================================================
 Note: 'No paths' indicates there are no paths in the design for that pair of clock edges.
       'Diff grp' indicates that paths exist but the starting clock and ending clock are in different clock groups.


Unconstrained Start/End Points
******************************

p:PADDR[0]
p:PADDR[1]
p:PADDR[2]
p:PADDR[3]
p:PADDR[4]
p:PADDR[5]
p:PADDR[6]
p:PADDR[7]
p:PADDR[8]
p:PADDR[9]
p:PADDR[10]
p:PADDR[11]
p:PADDR[12]
p:PADDR[13]
p:PADDR[14]
p:PADDR[15]
p:PADDR[16]
p:PADDR[17]
p:PADDR[18]
p:PADDR[19]
p:PADDR[20]
p:PADDR[21]
p:PADDR[22]
p:PADDR[23]
p:PADDR[24]
p:PADDR[25]
p:PADDR[26]
p:PADDR[27]
p:PADDR[28]
p:PADDR[29]
p:PADDR[30]
p:PADDR[31]
p:PENABLE
p:PRDATA[0]
p:PRDATA[1]
p:PRDATA[2]
p:PRDATA[3]
p:PRDATA[4]
p:PRDATA[5]
p:PRDATA[6]
p:PRDATA[7]
p:PRDATA[8]
p:PRDATA[9]
p:PRDATA[10]
p:PRDATA[11]
p:PRDATA[12]
p:PRDATA[13]
p:PRDATA[14]
p:PRDATA[15]
p:PRDATA[16]
p:PRDATA[17]
p:PRDATA[18]
p:PRDATA[19]
p:PRDATA[20]
p:PRDATA[21]
p:PRDATA[22]
p:PRDATA[23]
p:PRDATA[24]
p:PRDATA[25]
p:PRDATA[26]
p:PRDATA[27]
p:PRDATA[28]
p:PRDATA[29]
p:PRDATA[30]
p:PRDATA[31]
p:PREADY
p:PRESETn
p:PSEL
p:PWDATA[0]
p:PWDATA[1]
p:PWDATA[2]
p:PWDATA[3]
p:PWDATA[4]
p:PWDATA[5]
p:PWDATA[6]
p:PWDATA[7]
p:PWDATA[8]
p:PWDATA[9]
p:PWDATA[10]
p:PWDATA[11]
p:PWDATA[12]
p:PWDATA[13]
p:PWDATA[14]
p:PWDATA[15]
p:PWDATA[16]
p:PWDATA[17]
p:PWDATA[18]
p:PWDATA[19]
p:PWDATA[20]
p:PWDATA[21]
p:PWDATA[22]
p:PWDATA[23]
p:PWDATA[24]
p:PWDATA[25]
p:PWDATA[26]
p:PWDATA[27]
p:PWDATA[28]
p:PWDATA[29]
p:PWDATA[30]
p:PWDATA[31]
p:PWRITE
p:reg_out0[0]
p:reg_out0[1]
p:reg_out0[2]
p:reg_out0[3]
p:reg_out0[4]
p:reg_out0[5]
p:reg_out0[6]
p:reg_out0[7]
p:reg_out0[8]
p:reg_out0[9]
p:reg_out0[10]
p:reg_out0[11]
p:reg_out0[12]
p:reg_out0[13]
p:reg_out0[14]
p:reg_out0[15]
p:reg_out0[16]
p:reg_out0[17]
p:reg_out0[18]
p:reg_out0[19]
p:reg_out0[20]
p:reg_out0[21]
p:reg_out0[22]
p:reg_out0[23]
p:reg_out0[24]
p:reg_out0[25]
p:reg_out0[26]
p:reg_out0[27]
p:reg_out0[28]
p:reg_out0[29]
p:reg_out0[30]
p:reg_out0[31]
p:reg_out1[0]
p:reg_out1[1]
p:reg_out1[2]
p:reg_out1[3]
p:reg_out1[4]
p:reg_out1[5]
p:reg_out1[6]
p:reg_out1[7]
p:reg_out1[8]
p:reg_out1[9]
p:reg_out1[10]
p:reg_out1[11]
p:reg_out1[12]
p:reg_out1[13]
p:reg_out1[14]
p:reg_out1[15]
p:reg_out1[16]
p:reg_out1[17]
p:reg_out1[18]
p:reg_out1[19]
p:reg_out1[20]
p:reg_out1[21]
p:reg_out1[22]
p:reg_out1[23]
p:reg_out1[24]
p:reg_out1[25]
p:reg_out1[26]
p:reg_out1[27]
p:reg_out1[28]
p:reg_out1[29]
p:reg_out1[30]
p:reg_out1[31]


Inapplicable constraints
************************

(none)


Applicable constraints with issues
**********************************

(none)


Constraints with matching wildcard expressions
**********************************************

(none)


Library Report
**************


# End of Constraint Checker Report
