
Copyright (C) 1994-2025 Synopsys, Inc.
This Synopsys software and all associated documentation are proprietary to Synopsys, Inc.
and may only be used pursuant to the terms and conditions of a written license agreement
with Synopsys, Inc. All other use, reproduction, modification, or distribution of the
Synopsys software or the associated documentation is strictly prohibited.
Tool: Synplify Pro (R)
Build: W-2025.03M-SP1-1
Install: E:\Microchip\Libero_SoC_2025.2\Libero_SoC\Synplify_Pro
OS: Windows 10 or later
Hostname: LAPTOP-JM793N9B

Implementation : synthesis

# Written on Fri Jun  5 00:55:51 2026

##### DESIGN INFO #######################################################

Top View:                "register_4bit"
Constraint File(s):      "E:\Projects\DRDO\drdo\designer\register_4bit\synthesis.fdc"




##### SUMMARY ############################################################

Found 0 issues in 0 out of 0 constraints


##### DETAILS ############################################################


Clock Summary
*************

          Start                 Requested     Requested     Clock        Clock                                          Clock
Level     Clock                 Frequency     Period        Type         Group                                          Load 
-----------------------------------------------------------------------------------------------------------------------------
0 -       register_4bit|clk     100.0 MHz     10.000        inferred     Inferred_clkgroup_0, Inferred_clkgroup_0_1     4    
=============================================================================================================================


Clock Load Summary
******************

                      Clock     Source        Clock Pin       Non-clock Pin     Non-clock Pin
Clock                 Load      Pin           Seq Example     Seq Example       Comb Example 
---------------------------------------------------------------------------------------------
register_4bit|clk     4         clk(port)     q[0].C          -                 -            
=============================================================================================



Clock Relationships
*******************

Starting     Ending     |     rise to rise     |     fall to fall     |     rise to fall     |     fall to rise                     
-----------------------------------------------------------------------------------------------------------------------------------
===================================================================================================================================
 Note: 'No paths' indicates there are no paths in the design for that pair of clock edges.
       'Diff grp' indicates that paths exist but the starting clock and ending clock are in different clock groups.


Unconstrained Start/End Points
******************************

p:d[0]
p:d[1]
p:d[2]
p:d[3]
p:en
p:q[0]
p:q[1]
p:q[2]
p:q[3]
p:rst


Inapplicable constraints
************************

(none)


Applicable constraints with issues
**********************************

(none)


Constraints with matching wildcard expressions
**********************************************

(none)


Library Report
**************


# End of Constraint Checker Report
