{
"Synplify Pro (R) Job Log" : {
	"Date" : "00:48:03    17-Jun-2026",
	"Working Directory" : "E:/Projects/DRDO/drdo/synthesis",
	"Install" : "E:/Microchip/Libero_SoC_2025.2/Libero_SoC/Synplify_Pro"
},
"synthesis" :{
   "Job Flow" : "Sequential",
   "Start Time" : "00:47:45",
   "Runtime" : "18s",
   "Executable Run Time" : "17s",
   "synthesis" : {
      "Job Flow" : "Sequential",
      "Start Time" : "00:47:45",
      "Runtime" : "18s",
      "Executable Run Time" : "17s",
      "compile" : {
         "Job Flow" : "Sequential",
         "Start Time" : "00:47:45",
         "Runtime" : "14s",
         "Executable Run Time" : "13s",
         "compile_flow" : {
            "Job Flow" : "Sequential",
            "Start Time" : "00:47:45",
            "Runtime" : "11s",
            "Executable Run Time" : "10s",
            "compiler" : {
               "executable" : "bin64/c_hdl.exe",
               "Run Directory" : "E:/Projects/DRDO/drdo/synthesis",
               "Run State" : "Complete",
               "Return Code" : "0",
               "Run Success" : "yes",
               "Run Start Time" : "00:47:45",
               "Run Time" : "11s",
               "Exe Run Time" : "10s",
               "max_parallel_jobs" : "4",
               "Memory Usage" : "-",
               "Up-to-date (run skipped)" : "no"
            },
            "multi_srs_gen" : {
               "executable" : "bin64/syn_nfilter.exe",
               "Run Directory" : "E:/Projects/DRDO/drdo/synthesis",
               "Run State" : "Complete",
               "Return Code" : "0",
               "Run Success" : "yes",
               "Run Start Time" : "00:47:56",
               "Run Time" : "00s",
               "Exe Run Time" : "00s",
               "Memory Usage" : "-",
               "Up-to-date (run skipped)" : "no"
            }
         },
         "premap" : {
            "executable" : "bin64/m_generic.exe",
            "Run Directory" : "E:/Projects/DRDO/drdo/synthesis",
            "Run State" : "Complete",
            "Return Code" : "1",
            "Run Success" : "yes",
            "Run Start Time" : "00:47:56",
            "Run Time" : "03s",
            "Exe Run Time" : "03s",
            "max_parallel_jobs" : "4",
            "Memory Usage" : "-",
            "Up-to-date (run skipped)" : "no"
         }
      },
      "map" : {
         "Job Flow" : "Sequential",
         "Start Time" : "00:47:59",
         "Runtime" : "04s",
         "Executable Run Time" : "04s",
         "fpga_mapper" : {
            "executable" : "bin64/m_generic.exe",
            "Run Directory" : "E:/Projects/DRDO/drdo/synthesis",
            "Run State" : "Complete",
            "Return Code" : "1",
            "Run Success" : "yes",
            "Run Start Time" : "00:47:59",
            "Run Time" : "04s",
            "Exe Run Time" : "04s",
            "max_parallel_jobs" : "4",
            "Memory Usage" : "-",
            "Up-to-date (run skipped)" : "no"
         }
      }
   }
}
}