# do run.do
# INFO: Simulation library presynth already exists
# Model Technology ModelSim Microsemi Pro vmap 2024.3 Lib Mapping Utility 2024.09 Sep 11 2024
# vmap presynth presynth 
# Modifying modelsim.ini
# Model Technology ModelSim Microsemi Pro vmap 2024.3 Lib Mapping Utility 2024.09 Sep 11 2024
# vmap SmartFusion2 E:/Microchip/Libero_SoC_2025.2/Libero_SoC/Designer/lib/modelsimpro/precompiled/vlog/smartfusion2 
# Modifying modelsim.ini
# Model Technology ModelSim Microsemi Pro vcom 2024.3 Compiler 2024.09 Sep 11 2024
# Start time: 18:10:33 on Jun 04,2026
# vcom -2008 -explicit -work presynth E:/Projects/DRDO/drdo/hdl/flipflops.vhd 
# -- Loading package STANDARD
# -- Loading package TEXTIO
# -- Loading package std_logic_1164
# -- Compiling entity flipflops
# -- Compiling architecture Behavioral of flipflops
# End time: 18:10:33 on Jun 04,2026, Elapsed time: 0:00:00
# Errors: 0, Warnings: 0
# Model Technology ModelSim Microsemi Pro vcom 2024.3 Compiler 2024.09 Sep 11 2024
# Start time: 18:10:34 on Jun 04,2026
# vcom -2008 -explicit -work presynth E:/Projects/DRDO/drdo/stimulus/flip_flops_tb.vhd 
# -- Loading package STANDARD
# -- Loading package TEXTIO
# -- Loading package std_logic_1164
# -- Compiling entity flip_flops_tb
# -- Compiling architecture sim of flip_flops_tb
# End time: 18:10:34 on Jun 04,2026, Elapsed time: 0:00:00
# Errors: 0, Warnings: 0
# vsim -L SmartFusion2 -L presynth -t 1fs presynth.flip_flops_tb 
# Start time: 18:10:34 on Jun 04,2026
# //  ModelSim Microsemi Pro 2024.3 Sep 11 2024
# //
# // Unpublished work. Copyright 2024 Siemens
# //
# // This material contains trade secrets or otherwise confidential information
# // owned by Siemens Industry Software Inc. or its affiliates (collectively,
# // "SISW"), or its licensors. Access to and use of this information is strictly
# // limited as set forth in the Customer's applicable agreements with SISW.
# //
# // This material may not be copied, distributed, or otherwise disclosed outside
# // of the Customer's facilities without the express written permission of SISW,
# // and may not be used in any way not expressly authorized by SISW.
# //
# Loading std.standard
# Loading std.textio(body)
# Loading ieee.std_logic_1164(body)
# Loading presynth.flip_flops_tb(sim)
# Loading presynth.flipflops(behavioral)
# ** Note: All flip flop tests passed
#    Time: 170 ns  Iteration: 0  Instance: /flip_flops_tb
# End time: 18:10:34 on Jun 04,2026, Elapsed time: 0:00:00
# Errors: 0, Warnings: 0
