# Reading pref.tcl
# do run.do
# INFO: Simulation library ../designer/flipflops/simulation/postlayout already exists
# Model Technology ModelSim Microsemi Pro vmap 2024.3 Lib Mapping Utility 2024.09 Sep 11 2024
# vmap postlayout ../designer/flipflops/simulation/postlayout 
# Modifying modelsim.ini
# Model Technology ModelSim Microsemi Pro vmap 2024.3 Lib Mapping Utility 2024.09 Sep 11 2024
# vmap SmartFusion2 E:/Microchip/Libero_SoC_2025.2/Libero_SoC/Designer/lib/modelsimpro/precompiled/vlog/smartfusion2 
# Modifying modelsim.ini
# Model Technology ModelSim Microsemi Pro vcom 2024.3 Compiler 2024.09 Sep 11 2024
# Start time: 18:38:02 on Jun 04,2026
# vcom -reportprogress 300 -2008 -explicit -work postlayout E:/Projects/DRDO/drdo/designer/flipflops/flipflops_ba.vhd 
# -- Loading package STANDARD
# -- Loading package TEXTIO
# -- Loading package std_logic_1164
# -- Compiling entity sdf_IOPAD_IN
# -- Compiling architecture DEF_ARCH of sdf_IOPAD_IN
# -- Compiling entity sdf_IOPAD_TRI
# -- Compiling architecture DEF_ARCH of sdf_IOPAD_TRI
# -- Compiling entity flipflops
# -- Compiling architecture DEF_ARCH of flipflops
# -- Loading entity sdf_IOPAD_IN
# -- Loading entity sdf_IOPAD_TRI
# End time: 18:38:02 on Jun 04,2026, Elapsed time: 0:00:00
# Errors: 0, Warnings: 0
# Model Technology ModelSim Microsemi Pro vcom 2024.3 Compiler 2024.09 Sep 11 2024
# Start time: 18:38:03 on Jun 04,2026
# vcom -reportprogress 300 -2008 -explicit -work postlayout E:/Projects/DRDO/drdo/stimulus/flip_flops_tb.vhd 
# -- Loading package STANDARD
# -- Loading package TEXTIO
# -- Loading package std_logic_1164
# -- Compiling entity flip_flops_tb
# -- Compiling architecture sim of flip_flops_tb
# End time: 18:38:03 on Jun 04,2026, Elapsed time: 0:00:00
# Errors: 0, Warnings: 0
# vsim -L SmartFusion2 -L postlayout -t 1fs -sdfmax "/flipflops_0=E:/Projects/DRDO/drdo/designer/flipflops/flipflops_ba.sdf" "+transport_path_delays" postlayout.flip_flops_tb 
# Start time: 18:38:03 on Jun 04,2026
# //  ModelSim Microsemi Pro 2024.3 Sep 11 2024
# //
# // Unpublished work. Copyright 2024 Siemens
# //
# // This material contains trade secrets or otherwise confidential information
# // owned by Siemens Industry Software Inc. or its affiliates (collectively,
# // "SISW"), or its licensors. Access to and use of this information is strictly
# // limited as set forth in the Customer's applicable agreements with SISW.
# //
# // This material may not be copied, distributed, or otherwise disclosed outside
# // of the Customer's facilities without the express written permission of SISW,
# // and may not be used in any way not expressly authorized by SISW.
# //
# Loading std.standard
# Loading std.textio(body)
# Loading ieee.std_logic_1164(body)
# Loading postlayout.flip_flops_tb(sim)
# Loading postlayout.flipflops(def_arch)
# Loading SmartFusion2.SLE
# Loading SmartFusion2.SLE_Prim
# Loading postlayout.sdf_iopad_in(def_arch)
# Loading SmartFusion2.IOPAD_IN_VDDI
# Loading SmartFusion2.IOPAD_DELAY
# Loading SmartFusion2.IOPAD_VDD
# Loading SmartFusion2.GND
# Loading SmartFusion2.RGB_NG
# Loading SmartFusion2.INV_BA
# Loading SmartFusion2.IOINFF_BYPASS
# Loading SmartFusion2.CFG3
# Loading SmartFusion2.CFG1
# Loading postlayout.sdf_iopad_tri(def_arch)
# Loading SmartFusion2.IOPAD_TRI_VDDI
# Loading SmartFusion2.GB_NG
# Loading SmartFusion2.IOOUTFF_BYPASS
# Loading SmartFusion2.IOENFF_BYPASS
# Loading SmartFusion2.FLASH_FREEZE
# Loading SmartFusion2.CFG2
# Loading SmartFusion2.IP_INTERFACE
# Loading SmartFusion2.VCC
# Loading instances from E:/Projects/DRDO/drdo/designer/flipflops/flipflops_ba.sdf
# Loading timing data from E:/Projects/DRDO/drdo/designer/flipflops/flipflops_ba.sdf
# Loading SmartFusion2.UDP_MUX2
# Loading SmartFusion2.UDP_DFF
# Loading SmartFusion2.UDP_DL
# Loading SmartFusion2.UDP_BUFF
# ** Note: (vsim-3587) SDF Backannotation Successfully Completed.
#    Time: 0 fs  Iteration: 0  Instance: /flip_flops_tb File: E:/Projects/DRDO/drdo/stimulus/flip_flops_tb.vhd
# ** Note: All flip flop tests passed
#    Time: 240 ns  Iteration: 0  Instance: /flip_flops_tb
restart -f
# Loading instances from E:/Projects/DRDO/drdo/designer/flipflops/flipflops_ba.sdf
# Loading timing data from E:/Projects/DRDO/drdo/designer/flipflops/flipflops_ba.sdf
# ** Note: (vsim-3587) SDF Backannotation Successfully Completed.
#    Time: 0 fs  Iteration: 0  Instance: /flip_flops_tb File: E:/Projects/DRDO/drdo/stimulus/flip_flops_tb.vhd
run 300ns
# ** Note: All flip flop tests passed
#    Time: 240 ns  Iteration: 0  Instance: /flip_flops_tb
view wave
# .main_pane.wave.interior.cs.body.pw.wf
wave zoom full
# {0 fs} {315 ns}
# End time: 21:12:02 on Jun 04,2026, Elapsed time: 2:33:59
# Errors: 0, Warnings: 0
