# Reading pref.tcl
# do run.do
# INFO: Simulation library postsynth already exists
# Model Technology ModelSim Microsemi Pro vmap 2024.3 Lib Mapping Utility 2024.09 Sep 11 2024
# vmap postsynth postsynth 
# Modifying modelsim.ini
# Model Technology ModelSim Microsemi Pro vmap 2024.3 Lib Mapping Utility 2024.09 Sep 11 2024
# vmap SmartFusion2 E:/Microchip/Libero_SoC_2025.2/Libero_SoC/Designer/lib/modelsimpro/precompiled/vlog/smartfusion2 
# Modifying modelsim.ini
# Model Technology ModelSim Microsemi Pro vcom 2024.3 Compiler 2024.09 Sep 11 2024
# Start time: 09:06:26 on Jun 07,2026
# vcom -reportprogress 300 -2008 -explicit -work postsynth E:/Projects/DRDO/drdo/synthesis/shift_register.vhd 
# -- Loading package STANDARD
# -- Loading package TEXTIO
# -- Loading package std_logic_1164
# -- Compiling entity shift_register
# -- Compiling architecture DEF_ARCH of shift_register
# End time: 09:06:26 on Jun 07,2026, Elapsed time: 0:00:00
# Errors: 0, Warnings: 0
# Model Technology ModelSim Microsemi Pro vlog 2024.3 Compiler 2024.09 Sep 11 2024
# Start time: 09:06:26 on Jun 07,2026
# vlog -reportprogress 300 "+incdir+E:/Projects/DRDO/drdo/stimulus" -sv -work postsynth E:/Projects/DRDO/drdo/stimulus/shift_register_tb.v 
# -- Compiling module shift_register_tb
# 
# Top level modules:
# 	shift_register_tb
# End time: 09:06:26 on Jun 07,2026, Elapsed time: 0:00:00
# Errors: 0, Warnings: 0
# vsim -L SmartFusion2 -L postsynth -t 1fs postsynth.shift_register_tb 
# Start time: 09:06:26 on Jun 07,2026
# //  ModelSim Microsemi Pro 2024.3 Sep 11 2024
# //
# // Unpublished work. Copyright 2024 Siemens
# //
# // This material contains trade secrets or otherwise confidential information
# // owned by Siemens Industry Software Inc. or its affiliates (collectively,
# // "SISW"), or its licensors. Access to and use of this information is strictly
# // limited as set forth in the Customer's applicable agreements with SISW.
# //
# // This material may not be copied, distributed, or otherwise disclosed outside
# // of the Customer's facilities without the express written permission of SISW,
# // and may not be used in any way not expressly authorized by SISW.
# //
# Loading sv_std.std
# Loading postsynth.shift_register_tb
# Loading std.standard
# Loading std.textio(body)
# Loading ieee.std_logic_1164(body)
# Loading postsynth.shift_register(def_arch)
# Loading SmartFusion2.INBUF
# Loading SmartFusion2.CFG4
# Loading SmartFusion2.GND
# Loading SmartFusion2.CFG3
# Loading SmartFusion2.SLE
# Loading SmartFusion2.SLE_Prim
# Loading SmartFusion2.VCC
# Loading SmartFusion2.CFG1
# Loading SmartFusion2.OUTBUF
# Loading SmartFusion2.CLKINT
# Loading SmartFusion2.UDP_MUX2
# Loading SmartFusion2.UDP_DFF
# Loading SmartFusion2.UDP_DL
# ** Warning: (vsim-WLF-5000) WLF file currently in use: vsim.wlf
#           File in use by: Lenovo  Hostname: LAPTOP-JM793N9B  ProcessID: 5272
#           Attempting to use alternate WLF file "./wlftgzqfw9".
# ** Warning: (vsim-WLF-5001) Could not open WLF file: vsim.wlf
#           Using alternate file: ./wlftgzqfw9
# PASS: Parallel Load
# PASS: Shift Left
# PASS: Shift Right
# PASS: Hold
# PASS: Reset
# ALL SHIFT REGISTER TESTS PASSED
# ** Note: $stop    : E:/Projects/DRDO/drdo/stimulus/shift_register_tb.v(100)
#    Time: 67 ns  Iteration: 0  Instance: /shift_register_tb
# Break in Module shift_register_tb at E:/Projects/DRDO/drdo/stimulus/shift_register_tb.v line 100
restart -f
# ** Note: (vsim-12125) Error and warning message counts have been reset to '0' because of 'restart'.
run 00ns
run 00ns
restart -f
run 300ns
# PASS: Parallel Load
# PASS: Shift Left
# PASS: Shift Right
# PASS: Hold
# PASS: Reset
# ALL SHIFT REGISTER TESTS PASSED
# ** Note: $stop    : E:/Projects/DRDO/drdo/stimulus/shift_register_tb.v(100)
#    Time: 67 ns  Iteration: 0  Instance: /shift_register_tb
# Break in Module shift_register_tb at E:/Projects/DRDO/drdo/stimulus/shift_register_tb.v line 100
view wave
# .main_pane.wave.interior.cs.body.pw.wf
wave zoom full
# {0 fs} {70350 ps}
# End time: 09:08:35 on Jun 07,2026, Elapsed time: 0:02:09
# Errors: 0, Warnings: 0
