# do run.do
# INFO: Simulation library ../designer/apb_led_slave/simulation/postlayout already exists
# Model Technology ModelSim Microsemi Pro vmap 2024.3 Lib Mapping Utility 2024.09 Sep 11 2024
# vmap postlayout ../designer/apb_led_slave/simulation/postlayout 
# Modifying modelsim.ini
# Model Technology ModelSim Microsemi Pro vmap 2024.3 Lib Mapping Utility 2024.09 Sep 11 2024
# vmap SmartFusion2 E:/Microchip/Libero_SoC_2025.2/Libero_SoC/Designer/lib/modelsimpro/precompiled/vlog/smartfusion2 
# Modifying modelsim.ini
# INFO: Simulation library COREAPB3_LIB already exists
# Model Technology ModelSim Microsemi Pro vmap 2024.3 Lib Mapping Utility 2024.09 Sep 11 2024
# vmap COREAPB3_LIB COREAPB3_LIB 
# Modifying modelsim.ini
# Model Technology ModelSim Microsemi Pro vcom 2024.3 Compiler 2024.09 Sep 11 2024
# Start time: 14:33:38 on Jun 16,2026
# vcom -2008 -explicit -work postlayout E:/Projects/DRDO/drdo/designer/apb_led_slave/apb_led_slave_ba.vhd 
# -- Loading package STANDARD
# -- Loading package TEXTIO
# -- Loading package std_logic_1164
# -- Compiling entity sdf_IOPAD_TRI
# -- Compiling architecture DEF_ARCH of sdf_IOPAD_TRI
# -- Compiling entity sdf_IOPAD_IN
# -- Compiling architecture DEF_ARCH of sdf_IOPAD_IN
# -- Compiling entity apb_led_slave
# -- Compiling architecture DEF_ARCH of apb_led_slave
# -- Loading entity sdf_IOPAD_TRI
# -- Loading entity sdf_IOPAD_IN
# End time: 14:33:38 on Jun 16,2026, Elapsed time: 0:00:00
# Errors: 0, Warnings: 0
# Model Technology ModelSim Microsemi Pro vlog 2024.3 Compiler 2024.09 Sep 11 2024
# Start time: 14:33:38 on Jun 16,2026
# vlog "+incdir+E:/Projects/DRDO/drdo/stimulus" -sv -work postlayout E:/Projects/DRDO/drdo/stimulus/apb_led_slave_tb.v 
# -- Compiling module tb_apb_led_slave
# 
# Top level modules:
# 	tb_apb_led_slave
# End time: 14:33:38 on Jun 16,2026, Elapsed time: 0:00:00
# Errors: 0, Warnings: 0
# vsim -L SmartFusion2 -L postlayout -L COREAPB3_LIB -t 1fs -sdfmax "/apb_led_slave_0=E:/Projects/DRDO/drdo/designer/apb_led_slave/apb_led_slave_ba.sdf" "+transport_path_delays" postlayout.tb_apb_led_slave 
# Start time: 14:33:38 on Jun 16,2026
# //  ModelSim Microsemi Pro 2024.3 Sep 11 2024
# //
# // Unpublished work. Copyright 2024 Siemens
# //
# // This material contains trade secrets or otherwise confidential information
# // owned by Siemens Industry Software Inc. or its affiliates (collectively,
# // "SISW"), or its licensors. Access to and use of this information is strictly
# // limited as set forth in the Customer's applicable agreements with SISW.
# //
# // This material may not be copied, distributed, or otherwise disclosed outside
# // of the Customer's facilities without the express written permission of SISW,
# // and may not be used in any way not expressly authorized by SISW.
# //
# Loading sv_std.std
# Loading postlayout.tb_apb_led_slave
# Loading std.standard
# Loading std.textio(body)
# Loading ieee.std_logic_1164(body)
# Loading postlayout.apb_led_slave(def_arch)
# Loading SmartFusion2.IOENFF_BYPASS
# Loading postlayout.sdf_iopad_tri(def_arch)
# Loading SmartFusion2.IOPAD_TRI_VDDI
# Loading SmartFusion2.IOPAD_VDD
# Loading SmartFusion2.IOOUTFF_BYPASS
# Loading postlayout.sdf_iopad_in(def_arch)
# Loading SmartFusion2.IOPAD_IN_VDDI
# Loading SmartFusion2.IOPAD_DELAY
# Loading SmartFusion2.GND
# Loading SmartFusion2.SLE
# Loading SmartFusion2.SLE_Prim
# Loading SmartFusion2.IOINFF_BYPASS
# Loading SmartFusion2.RGB_NG
# Loading SmartFusion2.INV_BA
# Loading SmartFusion2.CFG4
# Loading SmartFusion2.GB_NG
# Loading SmartFusion2.IP_INTERFACE
# Loading SmartFusion2.FLASH_FREEZE
# Loading SmartFusion2.CFG2
# Loading SmartFusion2.VCC
# Loading instances from E:/Projects/DRDO/drdo/designer/apb_led_slave/apb_led_slave_ba.sdf
# Loading timing data from E:/Projects/DRDO/drdo/designer/apb_led_slave/apb_led_slave_ba.sdf
# Loading SmartFusion2.UDP_BUFF
# Loading SmartFusion2.UDP_MUX2
# Loading SmartFusion2.UDP_DFF
# Loading SmartFusion2.UDP_DL
# ** Note: (vsim-3587) SDF Backannotation Successfully Completed.
#    Time: 0 fs  Iteration: 0  Instance: /tb_apb_led_slave File: E:/Projects/DRDO/drdo/stimulus/apb_led_slave_tb.v
# ** Warning: (vsim-WLF-5000) WLF file currently in use: vsim.wlf
#           File in use by: Lenovo  Hostname: LAPTOP-JM793N9B  ProcessID: 5272
#           Attempting to use alternate WLF file "./wlftga7v2y".
# ** Warning: (vsim-WLF-5001) Could not open WLF file: vsim.wlf
#           Using alternate file: ./wlftga7v2y
# FAIL: led mismatch after write 0xA, got 0000 expected 1010
# FAIL: readback mismatch, got 00000000 expected 0000000A
# FAIL: led mismatch after write 0xF, got 0000 expected 1111
# FAIL: led changed on unmapped address write, got 0000
# PASS: unmapped address read returned 0
# FAIL: combinational read during SETUP phase wrong, got 00000000
# PASS: led cleared on second reset
# TESTBENCH FAILED: 5 error(s)
# ** Note: $finish    : E:/Projects/DRDO/drdo/stimulus/apb_led_slave_tb.v(189)
#    Time: 345 ns  Iteration: 1  Instance: /tb_apb_led_slave
# End time: 14:33:39 on Jun 16,2026, Elapsed time: 0:00:01
# Errors: 0, Warnings: 2
