# do run.do
# INFO: Simulation library presynth already exists
# Model Technology ModelSim Microsemi Pro vmap 2024.3 Lib Mapping Utility 2024.09 Sep 11 2024
# vmap presynth presynth 
# Modifying modelsim.ini
# Model Technology ModelSim Microsemi Pro vmap 2024.3 Lib Mapping Utility 2024.09 Sep 11 2024
# vmap SmartFusion2 E:/Microchip/Libero_SoC_2025.2/Libero_SoC/Designer/lib/modelsimpro/precompiled/vlog/smartfusion2 
# Modifying modelsim.ini
# Model Technology ModelSim Microsemi Pro vmap 2024.3 Lib Mapping Utility 2024.09 Sep 11 2024
# vmap COREAPB3_LIB COREAPB3_LIB 
# Modifying modelsim.ini
# Model Technology ModelSim Microsemi Pro vlog 2024.3 Compiler 2024.09 Sep 11 2024
# Start time: 14:28:49 on Jun 16,2026
# vlog -sv -work presynth E:/Projects/DRDO/drdo/hdl/apb_led_slave.v 
# -- Compiling module apb_led_slave
# 
# Top level modules:
# 	apb_led_slave
# End time: 14:28:49 on Jun 16,2026, Elapsed time: 0:00:00
# Errors: 0, Warnings: 0
# Model Technology ModelSim Microsemi Pro vcom 2024.3 Compiler 2024.09 Sep 11 2024
# Start time: 14:28:50 on Jun 16,2026
# vcom -2008 -explicit -work COREAPB3_LIB E:/Projects/DRDO/drdo/component/Actel/DirectCore/CoreAPB3/4.2.100/rtl/vhdl/core/components.vhd 
# -- Loading package STANDARD
# -- Loading package TEXTIO
# -- Loading package std_logic_1164
# -- Compiling package components
# End time: 14:28:50 on Jun 16,2026, Elapsed time: 0:00:00
# Errors: 0, Warnings: 0
# Model Technology ModelSim Microsemi Pro vlog 2024.3 Compiler 2024.09 Sep 11 2024
# Start time: 14:28:50 on Jun 16,2026
# vlog "+incdir+E:/Projects/DRDO/drdo/stimulus" -sv -work presynth E:/Projects/DRDO/drdo/stimulus/apb_led_slave_tb.v 
# -- Compiling module tb_apb_led_slave
# 
# Top level modules:
# 	tb_apb_led_slave
# End time: 14:28:50 on Jun 16,2026, Elapsed time: 0:00:00
# Errors: 0, Warnings: 0
# vsim -L SmartFusion2 -L presynth -L COREAPB3_LIB -t 1fs presynth.tb_apb_led_slave 
# Start time: 14:28:51 on Jun 16,2026
# //  ModelSim Microsemi Pro 2024.3 Sep 11 2024
# //
# // Unpublished work. Copyright 2024 Siemens
# //
# // This material contains trade secrets or otherwise confidential information
# // owned by Siemens Industry Software Inc. or its affiliates (collectively,
# // "SISW"), or its licensors. Access to and use of this information is strictly
# // limited as set forth in the Customer's applicable agreements with SISW.
# //
# // This material may not be copied, distributed, or otherwise disclosed outside
# // of the Customer's facilities without the express written permission of SISW,
# // and may not be used in any way not expressly authorized by SISW.
# //
# Loading sv_std.std
# Loading presynth.tb_apb_led_slave
# Loading presynth.apb_led_slave
# ** Warning: (vsim-WLF-5000) WLF file currently in use: vsim.wlf
#           File in use by: Lenovo  Hostname: LAPTOP-JM793N9B  ProcessID: 5272
#           Attempting to use alternate WLF file "./wlftrx60n3".
# ** Warning: (vsim-WLF-5001) Could not open WLF file: vsim.wlf
#           Using alternate file: ./wlftrx60n3
# PASS: led = 1010 after writing 0xA
# PASS: readback = 0000000a
# PASS: led = 1111 after writing 0xF
# PASS: led unchanged on unmapped address write
# PASS: unmapped address read returned 0
# PASS: combinational read valid during SETUP phase
# PASS: led cleared on second reset
# TESTBENCH PASSED: all checks succeeded
# ** Note: $finish    : E:/Projects/DRDO/drdo/stimulus/apb_led_slave_tb.v(186)
#    Time: 345 ns  Iteration: 1  Instance: /tb_apb_led_slave
# End time: 14:28:51 on Jun 16,2026, Elapsed time: 0:00:00
# Errors: 0, Warnings: 2
