# do run.do
# INFO: Simulation library ../designer/traffic_light_fsm/simulation/postlayout already exists
# Model Technology ModelSim Microsemi Pro vmap 2024.3 Lib Mapping Utility 2024.09 Sep 11 2024
# vmap postlayout ../designer/traffic_light_fsm/simulation/postlayout 
# Modifying modelsim.ini
# Model Technology ModelSim Microsemi Pro vmap 2024.3 Lib Mapping Utility 2024.09 Sep 11 2024
# vmap SmartFusion2 E:/Microchip/Libero_SoC_2025.2/Libero_SoC/Designer/lib/modelsimpro/precompiled/vlog/smartfusion2 
# Modifying modelsim.ini
# Model Technology ModelSim Microsemi Pro vcom 2024.3 Compiler 2024.09 Sep 11 2024
# Start time: 16:31:01 on Jun 07,2026
# vcom -2008 -explicit -work postlayout E:/Projects/DRDO/drdo/designer/traffic_light_fsm/traffic_light_fsm_ba.vhd 
# -- Loading package STANDARD
# -- Loading package TEXTIO
# -- Loading package std_logic_1164
# -- Compiling entity sdf_IOPAD_TRI
# -- Compiling architecture DEF_ARCH of sdf_IOPAD_TRI
# -- Compiling entity sdf_IOPAD_IN
# -- Compiling architecture DEF_ARCH of sdf_IOPAD_IN
# -- Compiling entity traffic_light_fsm
# -- Compiling architecture DEF_ARCH of traffic_light_fsm
# -- Loading entity sdf_IOPAD_TRI
# -- Loading entity sdf_IOPAD_IN
# End time: 16:31:01 on Jun 07,2026, Elapsed time: 0:00:00
# Errors: 0, Warnings: 0
# Model Technology ModelSim Microsemi Pro vlog 2024.3 Compiler 2024.09 Sep 11 2024
# Start time: 16:31:01 on Jun 07,2026
# vlog "+incdir+E:/Projects/DRDO/drdo/stimulus" -sv -work postlayout E:/Projects/DRDO/drdo/stimulus/traffic_light_fsm_tb.v 
# -- Compiling module traffic_light_fsm_tb
# 
# Top level modules:
# 	traffic_light_fsm_tb
# End time: 16:31:01 on Jun 07,2026, Elapsed time: 0:00:00
# Errors: 0, Warnings: 0
# vsim -L SmartFusion2 -L postlayout -t 1fs -sdfmax "/traffic_light_fsm_0=E:/Projects/DRDO/drdo/designer/traffic_light_fsm/traffic_light_fsm_ba.sdf" "+transport_path_delays" postlayout.traffic_light_fsm_tb 
# Start time: 16:31:02 on Jun 07,2026
# //  ModelSim Microsemi Pro 2024.3 Sep 11 2024
# //
# // Unpublished work. Copyright 2024 Siemens
# //
# // This material contains trade secrets or otherwise confidential information
# // owned by Siemens Industry Software Inc. or its affiliates (collectively,
# // "SISW"), or its licensors. Access to and use of this information is strictly
# // limited as set forth in the Customer's applicable agreements with SISW.
# //
# // This material may not be copied, distributed, or otherwise disclosed outside
# // of the Customer's facilities without the express written permission of SISW,
# // and may not be used in any way not expressly authorized by SISW.
# //
# Loading sv_std.std
# Loading postlayout.traffic_light_fsm_tb
# SDF 2024.3 Compiler 2024.09 Sep 11 2024
# 
# Loading std.standard
# Loading std.textio(body)
# Loading ieee.std_logic_1164(body)
# Loading postlayout.traffic_light_fsm(def_arch)
# Loading postlayout.sdf_iopad_tri(def_arch)
# Loading SmartFusion2.IOPAD_TRI_VDDI
# Loading SmartFusion2.IOPAD_VDD
# Loading SmartFusion2.RGB_NG
# Loading SmartFusion2.INV_BA
# Loading SmartFusion2.IOENFF_BYPASS
# Loading SmartFusion2.SLE
# Loading SmartFusion2.SLE_Prim
# Loading SmartFusion2.IOINFF_BYPASS
# Loading SmartFusion2.IOOUTFF_BYPASS
# Loading SmartFusion2.CFG4
# Loading SmartFusion2.GB_NG
# Loading SmartFusion2.FLASH_FREEZE
# Loading postlayout.sdf_iopad_in(def_arch)
# Loading SmartFusion2.IOPAD_IN_VDDI
# Loading SmartFusion2.IOPAD_DELAY
# Loading SmartFusion2.GND
# Loading SmartFusion2.CFG2
# Loading SmartFusion2.CFG3
# Loading SmartFusion2.IP_INTERFACE
# Loading SmartFusion2.VCC
# Loading instances from E:/Projects/DRDO/drdo/designer/traffic_light_fsm/traffic_light_fsm_ba.sdf
# Loading timing data from E:/Projects/DRDO/drdo/designer/traffic_light_fsm/traffic_light_fsm_ba.sdf
# Loading SmartFusion2.UDP_BUFF
# Loading SmartFusion2.UDP_MUX2
# Loading SmartFusion2.UDP_DFF
# Loading SmartFusion2.UDP_DL
# ** Note: (vsim-3587) SDF Backannotation Successfully Completed.
#    Time: 0 fs  Iteration: 0  Instance: /traffic_light_fsm_tb File: E:/Projects/DRDO/drdo/stimulus/traffic_light_fsm_tb.v
# ** Warning: (vsim-WLF-5000) WLF file currently in use: vsim.wlf
#           File in use by: Lenovo  Hostname: LAPTOP-JM793N9B  ProcessID: 5272
#           Attempting to use alternate WLF file "./wlftcifca8".
# ** Warning: (vsim-WLF-5001) Could not open WLF file: vsim.wlf
#           Using alternate file: ./wlftcifca8
# PASS: S0 (A=Green, B=Red)
# PASS: S1 (A=Yellow, B=Red)
# PASS: S2 (A=Red, B=Green)
# PASS: S3 (A=Red, B=Yellow)
# PASS: Return to S0
# TRAFFIC LIGHT FSM TEST PASSED
# ** Note: $stop    : E:/Projects/DRDO/drdo/stimulus/traffic_light_fsm_tb.v(108)
#    Time: 163640 ps  Iteration: 0  Instance: /traffic_light_fsm_tb
# Break in Module traffic_light_fsm_tb at E:/Projects/DRDO/drdo/stimulus/traffic_light_fsm_tb.v line 108
# End time: 16:31:02 on Jun 07,2026, Elapsed time: 0:00:00
# Errors: 0, Warnings: 2
