# do run.do
# INFO: Simulation library postsynth already exists
# Model Technology ModelSim Microsemi Pro vmap 2024.3 Lib Mapping Utility 2024.09 Sep 11 2024
# vmap postsynth postsynth 
# Modifying modelsim.ini
# Model Technology ModelSim Microsemi Pro vmap 2024.3 Lib Mapping Utility 2024.09 Sep 11 2024
# vmap SmartFusion2 E:/Microchip/Libero_SoC_2025.2/Libero_SoC/Designer/lib/modelsimpro/precompiled/vlog/smartfusion2 
# Modifying modelsim.ini
# Model Technology ModelSim Microsemi Pro vcom 2024.3 Compiler 2024.09 Sep 11 2024
# Start time: 16:30:28 on Jun 07,2026
# vcom -2008 -explicit -work postsynth E:/Projects/DRDO/drdo/synthesis/traffic_light_fsm.vhd 
# -- Loading package STANDARD
# -- Loading package TEXTIO
# -- Loading package std_logic_1164
# -- Compiling entity traffic_light_fsm
# -- Compiling architecture DEF_ARCH of traffic_light_fsm
# End time: 16:30:28 on Jun 07,2026, Elapsed time: 0:00:00
# Errors: 0, Warnings: 0
# Model Technology ModelSim Microsemi Pro vlog 2024.3 Compiler 2024.09 Sep 11 2024
# Start time: 16:30:29 on Jun 07,2026
# vlog "+incdir+E:/Projects/DRDO/drdo/stimulus" -sv -work postsynth E:/Projects/DRDO/drdo/stimulus/traffic_light_fsm_tb.v 
# -- Compiling module traffic_light_fsm_tb
# 
# Top level modules:
# 	traffic_light_fsm_tb
# End time: 16:30:29 on Jun 07,2026, Elapsed time: 0:00:00
# Errors: 0, Warnings: 0
# vsim -L SmartFusion2 -L postsynth -t 1fs postsynth.traffic_light_fsm_tb 
# Start time: 16:30:29 on Jun 07,2026
# //  ModelSim Microsemi Pro 2024.3 Sep 11 2024
# //
# // Unpublished work. Copyright 2024 Siemens
# //
# // This material contains trade secrets or otherwise confidential information
# // owned by Siemens Industry Software Inc. or its affiliates (collectively,
# // "SISW"), or its licensors. Access to and use of this information is strictly
# // limited as set forth in the Customer's applicable agreements with SISW.
# //
# // This material may not be copied, distributed, or otherwise disclosed outside
# // of the Customer's facilities without the express written permission of SISW,
# // and may not be used in any way not expressly authorized by SISW.
# //
# Loading sv_std.std
# Loading postsynth.traffic_light_fsm_tb
# Loading std.standard
# Loading std.textio(body)
# Loading ieee.std_logic_1164(body)
# Loading postsynth.traffic_light_fsm(def_arch)
# Loading SmartFusion2.GND
# Loading SmartFusion2.CFG2
# Loading SmartFusion2.OUTBUF
# Loading SmartFusion2.CFG1
# Loading SmartFusion2.INBUF
# Loading SmartFusion2.VCC
# Loading SmartFusion2.SLE
# Loading SmartFusion2.SLE_Prim
# Loading SmartFusion2.CFG4
# Loading SmartFusion2.CFG3
# Loading SmartFusion2.CLKINT
# Loading SmartFusion2.UDP_MUX2
# Loading SmartFusion2.UDP_DFF
# Loading SmartFusion2.UDP_DL
# ** Warning: (vsim-WLF-5000) WLF file currently in use: vsim.wlf
#           File in use by: Lenovo  Hostname: LAPTOP-JM793N9B  ProcessID: 5272
#           Attempting to use alternate WLF file "./wlftyvhk09".
# ** Warning: (vsim-WLF-5001) Could not open WLF file: vsim.wlf
#           Using alternate file: ./wlftyvhk09
# PASS: S0 (A=Green, B=Red)
# PASS: S1 (A=Yellow, B=Red)
# PASS: S2 (A=Red, B=Green)
# PASS: S3 (A=Red, B=Yellow)
# PASS: Return to S0
# TRAFFIC LIGHT FSM TEST PASSED
# ** Note: $stop    : E:/Projects/DRDO/drdo/stimulus/traffic_light_fsm_tb.v(108)
#    Time: 156050 ps  Iteration: 0  Instance: /traffic_light_fsm_tb
# Break in Module traffic_light_fsm_tb at E:/Projects/DRDO/drdo/stimulus/traffic_light_fsm_tb.v line 108
# End time: 16:30:30 on Jun 07,2026, Elapsed time: 0:00:01
# Errors: 0, Warnings: 2
