Resource Report
Microchip Technology Inc. - Microchip Libero Software Release 2025.2 (Version 2025.2.0.14)
Date: Sun Jun  7 09:06:00 2026

Device Selection
+--------------------------------+----------------+
| Family                         | SmartFusion2   |
| Device                         | M2S010         |
| Package                        | 256 VF         |
| Speed Grade                    | -1             |
| Temp                           | 0:25:85        |
| Voltage                        | 1.26:1.20:1.14 |
| Core Voltage                   | 1.2V           |
| Ramp Rate                      | 100ms Minimum  |
| System Controller Suspend Mode | No             |
| PLL Supply Voltage             | 2.5V           |
| Default I/O technology         | LVCMOS 2.5V    |
| Restrict Probe Pins            | Yes            |
| Restrict SPI Pins              | No             |
+--------------------------------+----------------+

Source Files
+---------+---------------------------------------------------+
| Topcell | shift_register                                    |
| Format  | Verilog                                           |
| Source  | E:\Projects\DRDO\drdo\synthesis\shift_register.vm |
+---------+---------------------------------------------------+

Options
+----------------------------------------------------+-------+
| Enable Single Event Transient mitigation           | false |
| Enable Design Separation Methodology               | false |
| Limit the number of high fanout nets to display to | 10    |
+----------------------------------------------------+-------+

Resource Usage
+---------------------------+------+-------+------------+
| Type                      | Used | Total | Percentage |
+---------------------------+------+-------+------------+
| 4LUT                      | 9    | 12084 | 0.07       |
| DFF                       | 4    | 12084 | 0.03       |
| I/O Register              | 0    | 414   | 0.00       |
| User I/O                  | 14   | 138   | 10.14      |
| -- Single-ended I/O       | 14   | 138   | 10.14      |
| -- Differential I/O Pairs | 0    | 65    | 0.00       |
| RAM64x18                  | 0    | 22    | 0.00       |
| RAM1K18                   | 0    | 21    | 0.00       |
| MACC                      | 0    | 22    | 0.00       |
| Chip Globals              | 1    | 8     | 12.50      |
| CCC                       | 0    | 2     | 0.00       |
| RCOSC_25_50MHZ            | 0    | 1     | 0.00       |
| RCOSC_1MHZ                | 0    | 1     | 0.00       |
| XTLOSC                    | 0    | 1     | 0.00       |
| MSS                       | 0    | 1     | 0.00       |
+---------------------------+------+-------+------------+

Detailed Logic Resource Usage
+--------------------------+------+-----+
| Type                     | 4LUT | DFF |
+--------------------------+------+-----+
| Fabric Logic             | 9    | 4   |
| RAM64x18 Interface Logic | 0    | 0   |
| RAM1K18 Interface Logic  | 0    | 0   |
| MACC Interface Logic     | 0    | 0   |
| Total Used               | 9    | 4   |
+--------------------------+------+-----+

I/O Function
+-------------------------------+--------------+-------------+-----------------+
| Type                          | w/o register | w/ register | w/ DDR register |
+-------------------------------+--------------+-------------+-----------------+
| Input I/O                     | 10           | 0           | 0               |
| Output I/O                    | 4            | 0           | 0               |
| Bidirectional I/O             | 0            | 0           | 0               |
| Differential Input I/O Pairs  | 0            | 0           | 0               |
| Differential Output I/O Pairs | 0            | 0           | 0               |
+-------------------------------+--------------+-------------+-----------------+

I/O Technology
+--------------+--------+------+-------+--------+---------------+
| I/O Standard | Vddi   | Vref | Input | Output | Bidirectional |
+--------------+--------+------+-------+--------+---------------+
| LVCMOS25     |  2.50v |  N/A |  10   |  4     |  0            |
+--------------+--------+------+-------+--------+---------------+

Nets assigned to chip global resources
+--------+---------+-----------------------------------+
| Fanout | Type    | Name                              |
+--------+---------+-----------------------------------+
| 4      | INT_NET | Net   : clk_c                     |
|        |         | Driver: clk_ibuf_RNIVTI21/U0_RGB1 |
|        |         | Source: NETLIST                   |
+--------+---------+-----------------------------------+

Nets assigned to row global resources
+--------+------+------+
| Fanout | Type | Name |
+--------+------+------+
+--------+------+------+

High fanout nets
+--------+---------+--------------------------+
| Fanout | Type    | Name                     |
+--------+---------+--------------------------+
| 9      | INT_NET | Net   : NN_1             |
|        |         | Driver: sel_ibuf[0]      |
| 9      | INT_NET | Net   : NN_2             |
|        |         | Driver: sel_ibuf[1]      |
| 4      | INT_NET | Net   : rst_c            |
|        |         | Driver: rst_ibuf         |
| 4      | INT_NET | Net   : un1_q16_i        |
|        |         | Driver: en_ibuf_RNIREHDJ |
| 3      | INT_NET | Net   : q_c[2]           |
|        |         | Driver: q_Z[2]           |
| 3      | INT_NET | Net   : q_c[1]           |
|        |         | Driver: q_Z[1]           |
| 2      | INT_NET | Net   : q_c[3]           |
|        |         | Driver: q_Z[3]           |
| 2      | INT_NET | Net   : q_c[0]           |
|        |         | Driver: q_Z[0]           |
| 2      | INT_NET | Net   : serial_in_c      |
|        |         | Driver: serial_in_ibuf   |
| 1      | INT_NET | Net   : q_6_Z[3]         |
|        |         | Driver: q_6[3]           |
+--------+---------+--------------------------+

High fanout nets (through buffer trees)
+--------+---------+--------------------------+
| Fanout | Type    | Name                     |
+--------+---------+--------------------------+
| 9      | INT_NET | Net   : NN_1             |
|        |         | Driver: sel_ibuf[0]      |
| 9      | INT_NET | Net   : NN_2             |
|        |         | Driver: sel_ibuf[1]      |
| 4      | INT_NET | Net   : rst_c            |
|        |         | Driver: rst_ibuf         |
| 4      | INT_NET | Net   : un1_q16_i        |
|        |         | Driver: en_ibuf_RNIREHDJ |
| 3      | INT_NET | Net   : q_c[2]           |
|        |         | Driver: q_Z[2]           |
| 3      | INT_NET | Net   : q_c[1]           |
|        |         | Driver: q_Z[1]           |
| 2      | INT_NET | Net   : q_c[3]           |
|        |         | Driver: q_Z[3]           |
| 2      | INT_NET | Net   : q_c[0]           |
|        |         | Driver: q_Z[0]           |
| 2      | INT_NET | Net   : serial_in_c      |
|        |         | Driver: serial_in_ibuf   |
| 1      | INT_NET | Net   : q_6_Z[3]         |
|        |         | Driver: q_6[3]           |
+--------+---------+--------------------------+

