Resource Usage Report for apb_slave 

Mapping to part: m2s010vf400-1
Cell usage:
CLKINT          2 uses
CFG2           1 use
CFG3           37 uses
CFG4           2 uses


Sequential Cells: 
SLE            100 uses

DSP Blocks:    0 of 22 (0%)

I/O ports: 166
I/O primitives: 136
INBUF          39 uses
OUTBUF         97 uses


Global Clock Buffers: 2

Total LUTs:    40

Extra resources required for RAM and MACC interface logic during P&R:

RAM64x18 Interface Logic : SLEs = 72; LUTs = 72;
RAM1K18  Interface Logic : SLEs = 0; LUTs = 0;
MACC     Interface Logic : SLEs = 0; LUTs = 0;

Total number of SLEs after P&R:  100 + 72 + 0 + 0 = 172;
Total number of LUTs after P&R:  40 + 72 + 0 + 0 = 112;

