Resource Usage Report for flipflops 

Mapping to part: m2s010vf400-1
Cell usage:
CLKINT          1 use
CFG1           2 uses
CFG2           3 uses
CFG3           1 use


Sequential Cells: 
SLE            4 uses

DSP Blocks:    0 of 22 (0%)

I/O ports: 12
I/O primitives: 12
INBUF          8 uses
OUTBUF         4 uses


Global Clock Buffers: 1

Total LUTs:    6

Extra resources required for RAM and MACC interface logic during P&R:

RAM64x18 Interface Logic : SLEs = 0; LUTs = 0;
RAM1K18  Interface Logic : SLEs = 0; LUTs = 0;
MACC     Interface Logic : SLEs = 0; LUTs = 0;

Total number of SLEs after P&R:  4 + 0 + 0 + 0 = 4;
Total number of LUTs after P&R:  6 + 0 + 0 + 0 = 6;

