Resource Usage Report for led_blink 

Mapping to part: m2s010vf400-1
Cell usage:
CLKINT          1 use
CFG1           2 uses
CFG3           3 uses
CFG4           6 uses


Sequential Cells: 
SLE            7 uses

DSP Blocks:    0 of 22 (0%)

I/O ports: 3
I/O primitives: 3
INBUF          2 uses
OUTBUF         1 use


Global Clock Buffers: 1

Total LUTs:    11

Extra resources required for RAM and MACC interface logic during P&R:

RAM64x18 Interface Logic : SLEs = 0; LUTs = 0;
RAM1K18  Interface Logic : SLEs = 0; LUTs = 0;
MACC     Interface Logic : SLEs = 0; LUTs = 0;

Total number of SLEs after P&R:  7 + 0 + 0 + 0 = 7;
Total number of LUTs after P&R:  11 + 0 + 0 + 0 = 11;

