Resource Usage Report for sequence_detector_moore 

Mapping to part: m2s010vf400-1
Cell usage:
CLKINT          1 use
CFG1           1 use
CFG3           2 uses
CFG4           1 use


Sequential Cells: 
SLE            3 uses

DSP Blocks:    0 of 22 (0%)

I/O ports: 4
I/O primitives: 4
INBUF          3 uses
OUTBUF         1 use


Global Clock Buffers: 1

Total LUTs:    4

Extra resources required for RAM and MACC interface logic during P&R:

RAM64x18 Interface Logic : SLEs = 0; LUTs = 0;
RAM1K18  Interface Logic : SLEs = 0; LUTs = 0;
MACC     Interface Logic : SLEs = 0; LUTs = 0;

Total number of SLEs after P&R:  3 + 0 + 0 + 0 = 3;
Total number of LUTs after P&R:  4 + 0 + 0 + 0 = 4;

