Resource Usage Report for top_soc_new 

Mapping to part: m2s010vf400-1
Cell usage:
CCC             1 use
CLKINT          1 use
MSS_010         1 use
CFG2           2 uses
CFG4           8 uses


Sequential Cells: 
SLE            4 uses

DSP Blocks:    0 of 22 (0%)

I/O ports: 23
I/O primitives: 23
BIBUF          10 uses
INBUF          6 uses
OUTBUF         4 uses
TRIBUFF        3 uses


Global Clock Buffers: 1

Total LUTs:    10

Extra resources required for RAM and MACC interface logic during P&R:

RAM64x18 Interface Logic : SLEs = 0; LUTs = 0;
RAM1K18  Interface Logic : SLEs = 0; LUTs = 0;
MACC     Interface Logic : SLEs = 0; LUTs = 0;

Total number of SLEs after P&R:  4 + 0 + 0 + 0 = 4;
Total number of LUTs after P&R:  10 + 0 + 0 + 0 = 10;

