Resource Usage Report for traffic_light_fsm 

Mapping to part: m2s010vf400-1
Cell usage:
CLKINT          1 use
CFG1           2 uses
CFG2           4 uses
CFG3           1 use
CFG4           4 uses


Sequential Cells: 
SLE            5 uses

DSP Blocks:    0 of 22 (0%)

I/O ports: 6
I/O primitives: 6
INBUF          2 uses
OUTBUF         4 uses


Global Clock Buffers: 1

Total LUTs:    11

Extra resources required for RAM and MACC interface logic during P&R:

RAM64x18 Interface Logic : SLEs = 0; LUTs = 0;
RAM1K18  Interface Logic : SLEs = 0; LUTs = 0;
MACC     Interface Logic : SLEs = 0; LUTs = 0;

Total number of SLEs after P&R:  5 + 0 + 0 + 0 = 5;
Total number of LUTs after P&R:  11 + 0 + 0 + 0 = 11;

