Resource Usage Report for vending_machine_fsm 

Mapping to part: m2s010vf400-1
Cell usage:
CLKINT          1 use
CFG1           1 use
CFG2           1 use
CFG3           1 use
CFG4           2 uses


Sequential Cells: 
SLE            2 uses

DSP Blocks:    0 of 22 (0%)

I/O ports: 6
I/O primitives: 6
INBUF          4 uses
OUTBUF         2 uses


Global Clock Buffers: 1

Total LUTs:    5

Extra resources required for RAM and MACC interface logic during P&R:

RAM64x18 Interface Logic : SLEs = 0; LUTs = 0;
RAM1K18  Interface Logic : SLEs = 0; LUTs = 0;
MACC     Interface Logic : SLEs = 0; LUTs = 0;

Total number of SLEs after P&R:  2 + 0 + 0 + 0 = 2;
Total number of LUTs after P&R:  5 + 0 + 0 + 0 = 5;

