Resource Report
Microchip Technology Inc. - Microchip Libero Software Release 2025.2 (Version 2025.2.0.14)
Date: Tue Jun  2 17:30:24 2026

Device Selection
+--------------------------------+----------------+
| Family                         | SmartFusion2   |
| Device                         | M2S010         |
| Package                        | 256 VF         |
| Speed Grade                    | -1             |
| Temp                           | 0:25:85        |
| Voltage                        | 1.26:1.20:1.14 |
| Core Voltage                   | 1.2V           |
| Ramp Rate                      | 100ms Minimum  |
| System Controller Suspend Mode | No             |
| PLL Supply Voltage             | 2.5V           |
| Default I/O technology         | LVCMOS 2.5V    |
| Restrict Probe Pins            | Yes            |
| Restrict SPI Pins              | No             |
+--------------------------------+----------------+

Source Files
+---------+----------------------------------------------+
| Topcell | apb_slave                                    |
| Format  | Verilog                                      |
| Source  | E:\Projects\DRDO\drdo\synthesis\apb_slave.vm |
+---------+----------------------------------------------+

Options
+----------------------------------------------------+-------+
| Enable Single Event Transient mitigation           | false |
| Enable Design Separation Methodology               | false |
| Limit the number of high fanout nets to display to | 10    |
+----------------------------------------------------+-------+

Resource Usage
+---------------------------+------+-------+------------+
| Type                      | Used | Total | Percentage |
+---------------------------+------+-------+------------+
| 4LUT                      | 112  | 12084 | 0.93       |
| DFF                       | 172  | 12084 | 1.42       |
| I/O Register              | 0    | 414   | 0.00       |
| User I/O                  | 136  | 138   | 98.55      |
| -- Single-ended I/O       | 136  | 138   | 98.55      |
| -- Differential I/O Pairs | 0    | 65    | 0.00       |
| RAM64x18                  | 2    | 22    | 9.09       |
| RAM1K18                   | 0    | 21    | 0.00       |
| MACC                      | 0    | 22    | 0.00       |
| Chip Globals              | 2    | 8     | 25.00      |
| CCC                       | 0    | 2     | 0.00       |
| RCOSC_25_50MHZ            | 0    | 1     | 0.00       |
| RCOSC_1MHZ                | 0    | 1     | 0.00       |
| XTLOSC                    | 0    | 1     | 0.00       |
| MSS                       | 0    | 1     | 0.00       |
+---------------------------+------+-------+------------+

Detailed Logic Resource Usage
+--------------------------+------+-----+
| Type                     | 4LUT | DFF |
+--------------------------+------+-----+
| Fabric Logic             | 40   | 100 |
| RAM64x18 Interface Logic | 72   | 72  |
| RAM1K18 Interface Logic  | 0    | 0   |
| MACC Interface Logic     | 0    | 0   |
| Total Used               | 112  | 172 |
+--------------------------+------+-----+

I/O Function
+-------------------------------+--------------+-------------+-----------------+
| Type                          | w/o register | w/ register | w/ DDR register |
+-------------------------------+--------------+-------------+-----------------+
| Input I/O                     | 39           | 0           | 0               |
| Output I/O                    | 97           | 0           | 0               |
| Bidirectional I/O             | 0            | 0           | 0               |
| Differential Input I/O Pairs  | 0            | 0           | 0               |
| Differential Output I/O Pairs | 0            | 0           | 0               |
+-------------------------------+--------------+-------------+-----------------+

I/O Technology
+--------------+--------+------+-------+--------+---------------+
| I/O Standard | Vddi   | Vref | Input | Output | Bidirectional |
+--------------+--------+------+-------+--------+---------------+
| LVCMOS25     |  2.50v |  N/A |  39   |  97    |  0            |
+--------------+--------+------+-------+--------+---------------+

Nets assigned to chip global resources
+--------+---------+---------------------------------------+
| Fanout | Type    | Name                                  |
+--------+---------+---------------------------------------+
| 102    | INT_NET | Net   : PCLK_c                        |
|        |         | Driver: PCLK_ibuf_RNIFTKQ4/U0_RGB1    |
|        |         | Source: NETLIST                       |
| 100    | INT_NET | Net   : PRESETn_c                     |
|        |         | Driver: PRESETn_ibuf_RNI6S7A5/U0_RGB1 |
|        |         | Source: NETLIST                       |
+--------+---------+---------------------------------------+

Nets assigned to row global resources
+--------+------+------+
| Fanout | Type | Name |
+--------+------+------+
+--------+------+------+

High fanout nets
+--------+---------+---------------------------+
| Fanout | Type    | Name                      |
+--------+---------+---------------------------+
| 33     | INT_NET | Net   : reg_bank_0wre_0_Z |
|        |         | Driver: reg_bank_0wre_0   |
| 33     | INT_NET | Net   : reg_bank_0wre_1_Z |
|        |         | Driver: reg_bank_0wre_1   |
| 32     | INT_NET | Net   : un2_psel_Z        |
|        |         | Driver: un2_psel          |
| 32     | INT_NET | Net   : reg_bank_0ror_0_Z |
|        |         | Driver: reg_bank_0ror_0   |
| 32     | INT_NET | Net   : reg_bank_0ror_1_Z |
|        |         | Driver: reg_bank_0ror_1   |
| 12     | INT_NET | Net   : PADDR_c[3]        |
|        |         | Driver: PADDR_ibuf[3]     |
| 12     | INT_NET | Net   : PADDR_c[2]        |
|        |         | Driver: PADDR_ibuf[2]     |
| 6      | INT_NET | Net   : un7_psel_Z        |
|        |         | Driver: un7_psel          |
| 3      | INT_NET | Net   : PWDATA_c[31]      |
|        |         | Driver: PWDATA_ibuf[31]   |
| 3      | INT_NET | Net   : PWDATA_c[30]      |
|        |         | Driver: PWDATA_ibuf[30]   |
+--------+---------+---------------------------+

High fanout nets (through buffer trees)
+--------+---------+---------------------------+
| Fanout | Type    | Name                      |
+--------+---------+---------------------------+
| 33     | INT_NET | Net   : reg_bank_0wre_0_Z |
|        |         | Driver: reg_bank_0wre_0   |
| 33     | INT_NET | Net   : reg_bank_0wre_1_Z |
|        |         | Driver: reg_bank_0wre_1   |
| 32     | INT_NET | Net   : un2_psel_Z        |
|        |         | Driver: un2_psel          |
| 32     | INT_NET | Net   : reg_bank_0ror_0_Z |
|        |         | Driver: reg_bank_0ror_0   |
| 32     | INT_NET | Net   : reg_bank_0ror_1_Z |
|        |         | Driver: reg_bank_0ror_1   |
| 12     | INT_NET | Net   : PADDR_c[3]        |
|        |         | Driver: PADDR_ibuf[3]     |
| 12     | INT_NET | Net   : PADDR_c[2]        |
|        |         | Driver: PADDR_ibuf[2]     |
| 6      | INT_NET | Net   : un7_psel_Z        |
|        |         | Driver: un7_psel          |
| 3      | INT_NET | Net   : PWDATA_c[31]      |
|        |         | Driver: PWDATA_ibuf[31]   |
| 3      | INT_NET | Net   : PWDATA_c[30]      |
|        |         | Driver: PWDATA_ibuf[30]   |
+--------+---------+---------------------------+

