Resource Report
Microchip Technology Inc. - Microchip Libero Software Release 2025.2 (Version 2025.2.0.14)
Date: Tue Jun  2 12:00:17 2026

Device Selection
+--------------------------------+----------------+
| Family                         | SmartFusion2   |
| Device                         | M2S010         |
| Package                        | 256 VF         |
| Speed Grade                    | -1             |
| Temp                           | 0:25:85        |
| Voltage                        | 1.26:1.20:1.14 |
| Core Voltage                   | 1.2V           |
| Ramp Rate                      | 100ms Minimum  |
| System Controller Suspend Mode | No             |
| PLL Supply Voltage             | 2.5V           |
| Default I/O technology         | LVCMOS 2.5V    |
| Restrict Probe Pins            | Yes            |
| Restrict SPI Pins              | No             |
+--------------------------------+----------------+

Source Files
+---------+---------------------------------------------+
| Topcell | alu_4bit                                    |
| Format  | Verilog                                     |
| Source  | E:\Projects\DRDO\drdo\synthesis\alu_4bit.vm |
+---------+---------------------------------------------+

Options
+----------------------------------------------------+-------+
| Enable Single Event Transient mitigation           | false |
| Enable Design Separation Methodology               | false |
| Limit the number of high fanout nets to display to | 10    |
+----------------------------------------------------+-------+

Resource Usage
+---------------------------+------+-------+------------+
| Type                      | Used | Total | Percentage |
+---------------------------+------+-------+------------+
| 4LUT                      | 52   | 12084 | 0.43       |
| DFF                       | 0    | 12084 | 0.00       |
| I/O Register              | 0    | 414   | 0.00       |
| User I/O                  | 20   | 138   | 14.49      |
| -- Single-ended I/O       | 20   | 138   | 14.49      |
| -- Differential I/O Pairs | 0    | 65    | 0.00       |
| RAM64x18                  | 0    | 22    | 0.00       |
| RAM1K18                   | 0    | 21    | 0.00       |
| MACC                      | 0    | 22    | 0.00       |
| Chip Globals              | 0    | 8     | 0.00       |
| CCC                       | 0    | 2     | 0.00       |
| RCOSC_25_50MHZ            | 0    | 1     | 0.00       |
| RCOSC_1MHZ                | 0    | 1     | 0.00       |
| XTLOSC                    | 0    | 1     | 0.00       |
| MSS                       | 0    | 1     | 0.00       |
+---------------------------+------+-------+------------+

Detailed Logic Resource Usage
+--------------------------+------+-----+
| Type                     | 4LUT | DFF |
+--------------------------+------+-----+
| Fabric Logic             | 52   | 0   |
| RAM64x18 Interface Logic | 0    | 0   |
| RAM1K18 Interface Logic  | 0    | 0   |
| MACC Interface Logic     | 0    | 0   |
| Total Used               | 52   | 0   |
+--------------------------+------+-----+

I/O Function
+-------------------------------+--------------+-------------+-----------------+
| Type                          | w/o register | w/ register | w/ DDR register |
+-------------------------------+--------------+-------------+-----------------+
| Input I/O                     | 12           | 0           | 0               |
| Output I/O                    | 8            | 0           | 0               |
| Bidirectional I/O             | 0            | 0           | 0               |
| Differential Input I/O Pairs  | 0            | 0           | 0               |
| Differential Output I/O Pairs | 0            | 0           | 0               |
+-------------------------------+--------------+-------------+-----------------+

I/O Technology
+--------------+--------+------+-------+--------+---------------+
| I/O Standard | Vddi   | Vref | Input | Output | Bidirectional |
+--------------+--------+------+-------+--------+---------------+
| LVCMOS25     |  2.50v |  N/A |  12   |  8     |  0            |
+--------------+--------+------+-------+--------+---------------+

Nets assigned to chip global resources
+--------+------+------+
| Fanout | Type | Name |
+--------+------+------+
+--------+------+------+

Nets assigned to row global resources
+--------+------+------+
| Fanout | Type | Name |
+--------+------+------+
+--------+------+------+

High fanout nets
+--------+---------+------------------------+
| Fanout | Type    | Name                   |
+--------+---------+------------------------+
| 19     | INT_NET | Net   : NN_1           |
|        |         | Driver: opcode_ibuf[0] |
| 13     | INT_NET | Net   : NN_2           |
|        |         | Driver: opcode_ibuf[1] |
| 9      | INT_NET | Net   : A_c[3]         |
|        |         | Driver: A_ibuf[3]      |
| 9      | INT_NET | Net   : A_c[2]         |
|        |         | Driver: A_ibuf[2]      |
| 9      | INT_NET | Net   : A_c[1]         |
|        |         | Driver: A_ibuf[1]      |
| 9      | INT_NET | Net   : A_c[0]         |
|        |         | Driver: A_ibuf[0]      |
| 9      | INT_NET | Net   : NN_3           |
|        |         | Driver: opcode_ibuf[2] |
| 7      | INT_NET | Net   : B_c[0]         |
|        |         | Driver: B_ibuf[0]      |
| 6      | INT_NET | Net   : B_c[3]         |
|        |         | Driver: B_ibuf[3]      |
| 6      | INT_NET | Net   : B_c[2]         |
|        |         | Driver: B_ibuf[2]      |
+--------+---------+------------------------+

High fanout nets (through buffer trees)
+--------+---------+------------------------+
| Fanout | Type    | Name                   |
+--------+---------+------------------------+
| 19     | INT_NET | Net   : NN_1           |
|        |         | Driver: opcode_ibuf[0] |
| 13     | INT_NET | Net   : NN_2           |
|        |         | Driver: opcode_ibuf[1] |
| 9      | INT_NET | Net   : A_c[3]         |
|        |         | Driver: A_ibuf[3]      |
| 9      | INT_NET | Net   : A_c[2]         |
|        |         | Driver: A_ibuf[2]      |
| 9      | INT_NET | Net   : A_c[1]         |
|        |         | Driver: A_ibuf[1]      |
| 9      | INT_NET | Net   : A_c[0]         |
|        |         | Driver: A_ibuf[0]      |
| 9      | INT_NET | Net   : NN_3           |
|        |         | Driver: opcode_ibuf[2] |
| 7      | INT_NET | Net   : B_c[0]         |
|        |         | Driver: B_ibuf[0]      |
| 6      | INT_NET | Net   : B_c[3]         |
|        |         | Driver: B_ibuf[3]      |
| 6      | INT_NET | Net   : B_c[2]         |
|        |         | Driver: B_ibuf[2]      |
+--------+---------+------------------------+

