
Copyright (C) 1994-2025 Synopsys, Inc.
This Synopsys software and all associated documentation are proprietary to Synopsys, Inc.
and may only be used pursuant to the terms and conditions of a written license agreement
with Synopsys, Inc. All other use, reproduction, modification, or distribution of the
Synopsys software or the associated documentation is strictly prohibited.
Tool: Synplify Pro (R)
Build: W-2025.03M-SP1-1
Install: E:\Microchip\Libero_SoC_2025.2\Libero_SoC\Synplify_Pro
OS: Windows 10 or later
Hostname: LAPTOP-JM793N9B

Implementation : synthesis
Synopsys HDL compiler and linker, Version comp202503synp2, Build 183R, Built Nov 18 2025 09:08:11, @

Modified Files: 27
FID:  path (prevtimestamp, timestamp)
0        E:\Microchip\Libero_SoC_2025.2\Libero_SoC\Synplify_Pro\lib\generic\smartfusion2.v (N/A, 2025-11-18 19:44:14)
1        E:\Microchip\Libero_SoC_2025.2\Libero_SoC\Synplify_Pro\lib\generic\smartfusion2.vhd (N/A, 2025-11-18 19:44:14)
2        E:\Microchip\Libero_SoC_2025.2\Libero_SoC\Synplify_Pro\lib\vhd2008\arith.vhd (N/A, 2025-11-18 22:28:26)
3        E:\Microchip\Libero_SoC_2025.2\Libero_SoC\Synplify_Pro\lib\vhd2008\location.map (N/A, 2025-11-18 22:28:26)
4        E:\Microchip\Libero_SoC_2025.2\Libero_SoC\Synplify_Pro\lib\vhd2008\numeric.vhd (N/A, 2025-11-18 22:47:14)
5        E:\Microchip\Libero_SoC_2025.2\Libero_SoC\Synplify_Pro\lib\vhd2008\std.vhd (N/A, 2025-11-18 22:28:28)
6        E:\Microchip\Libero_SoC_2025.2\Libero_SoC\Synplify_Pro\lib\vhd2008\std1164.vhd (N/A, 2025-11-18 22:28:28)
7        E:\Microchip\Libero_SoC_2025.2\Libero_SoC\Synplify_Pro\lib\vhd2008\std_textio.vhd (N/A, 2025-11-18 22:28:28)
8        E:\Microchip\Libero_SoC_2025.2\Libero_SoC\Synplify_Pro\lib\vhd2008\unsigned.vhd (N/A, 2025-11-18 22:28:28)
9        E:\Microchip\Libero_SoC_2025.2\Libero_SoC\Synplify_Pro\lib\vhd\hyperents.vhd (N/A, 2025-11-18 22:28:26)
10       E:\Microchip\Libero_SoC_2025.2\Libero_SoC\Synplify_Pro\lib\vhd\snps_haps_pkg.vhd (N/A, 2025-11-18 22:28:26)
11       E:\Microchip\Libero_SoC_2025.2\Libero_SoC\Synplify_Pro\lib\vhd\umr_capim.vhd (N/A, 2025-11-18 22:28:26)
12       E:\Microchip\Libero_SoC_2025.2\Libero_SoC\Synplify_Pro\lib\vlog\hypermods.v (N/A, 2025-11-18 22:28:24)
13       E:\Microchip\Libero_SoC_2025.2\Libero_SoC\Synplify_Pro\lib\vlog\scemi_objects.v (N/A, 2025-11-18 22:28:24)
14       E:\Microchip\Libero_SoC_2025.2\Libero_SoC\Synplify_Pro\lib\vlog\scemi_pipes.svh (N/A, 2025-11-18 22:28:24)
15       E:\Projects\DRDO\drdo\component\Actel\DirectCore\CoreAPB3\4.2.100\rtl\vhdl\core\components.vhd (N/A, 2026-06-15 19:11:07)
16       E:\Projects\DRDO\drdo\component\Actel\DirectCore\CoreAPB3\4.2.100\rtl\vhdl\core\coreapb3.vhd (N/A, 2026-06-15 19:11:07)
17       E:\Projects\DRDO\drdo\component\Actel\DirectCore\CoreAPB3\4.2.100\rtl\vhdl\core\coreapb3_iaddr_reg.vhd (N/A, 2026-06-15 19:11:07)
18       E:\Projects\DRDO\drdo\component\Actel\DirectCore\CoreAPB3\4.2.100\rtl\vhdl\core\coreapb3_muxptob3.vhd (N/A, 2026-06-15 19:11:07)
19       E:\Projects\DRDO\drdo\component\syn_comps.v (N/A, 2026-06-17 00:47:39)
20       E:\Projects\DRDO\drdo\component\work\CoreAPB3_C0\CoreAPB3_C0.vhd (N/A, 2026-06-15 23:26:49)
21       E:\Projects\DRDO\drdo\component\work\FCCC_C0\FCCC_C0.vhd (N/A, 2026-06-16 13:59:32)
22       E:\Projects\DRDO\drdo\component\work\FCCC_C0\FCCC_C0_0\FCCC_C0_FCCC_C0_0_FCCC.vhd (N/A, 2026-06-16 13:59:31)
23       E:\Projects\DRDO\drdo\component\work\MSS_C0_MSS\MSS_C0_MSS.vhd (N/A, 2026-06-17 00:46:51)
24       E:\Projects\DRDO\drdo\component\work\MSS_C0_MSS\MSS_C0_MSS_syn.vhd (N/A, 2026-06-17 00:46:51)
25       E:\Projects\DRDO\drdo\component\work\top_soc_new\top_soc_new.vhd (N/A, 2026-06-16 14:07:31)
26       E:\Projects\DRDO\drdo\hdl\apb_led_slave.v (N/A, 2026-06-15 15:08:01)

*******************************************************************
Modules that may have changed as a result of file changes: 11
MID:  lib.cell.view
0        coreapb3_lib.coreapb3.coreapb3_arch may have changed because the following files changed:
                        E:\Projects\DRDO\drdo\component\Actel\DirectCore\CoreAPB3\4.2.100\rtl\vhdl\core\coreapb3.vhd (N/A, 2026-06-15 19:11:07) <-- (architecture and entity definition)
                        E:\Projects\DRDO\drdo\component\work\CoreAPB3_C0\CoreAPB3_C0.vhd (N/A, 2026-06-15 23:26:49) <-- (may instantiate this module)
                        E:\Projects\DRDO\drdo\component\work\top_soc_new\top_soc_new.vhd (N/A, 2026-06-16 14:07:31) <-- (may instantiate this module)
2        coreapb3_lib.coreapb3_iaddr_reg.rtl may have changed because the following files changed:
                        E:\Projects\DRDO\drdo\component\Actel\DirectCore\CoreAPB3\4.2.100\rtl\vhdl\core\coreapb3.vhd (N/A, 2026-06-15 19:11:07) <-- (may instantiate this module)
                        E:\Projects\DRDO\drdo\component\Actel\DirectCore\CoreAPB3\4.2.100\rtl\vhdl\core\coreapb3_iaddr_reg.vhd (N/A, 2026-06-15 19:11:07) <-- (architecture and entity definition)
                        E:\Projects\DRDO\drdo\component\work\CoreAPB3_C0\CoreAPB3_C0.vhd (N/A, 2026-06-15 23:26:49) <-- (may instantiate this module)
                        E:\Projects\DRDO\drdo\component\work\top_soc_new\top_soc_new.vhd (N/A, 2026-06-16 14:07:31) <-- (may instantiate this module)
4        coreapb3_lib.coreapb3_muxptob3.coreapb3_muxptob3_arch may have changed because the following files changed:
                        E:\Projects\DRDO\drdo\component\Actel\DirectCore\CoreAPB3\4.2.100\rtl\vhdl\core\coreapb3.vhd (N/A, 2026-06-15 19:11:07) <-- (may instantiate this module)
                        E:\Projects\DRDO\drdo\component\Actel\DirectCore\CoreAPB3\4.2.100\rtl\vhdl\core\coreapb3_muxptob3.vhd (N/A, 2026-06-15 19:11:07) <-- (architecture and entity definition)
                        E:\Projects\DRDO\drdo\component\work\CoreAPB3_C0\CoreAPB3_C0.vhd (N/A, 2026-06-15 23:26:49) <-- (may instantiate this module)
                        E:\Projects\DRDO\drdo\component\work\top_soc_new\top_soc_new.vhd (N/A, 2026-06-16 14:07:31) <-- (may instantiate this module)
6        work.MCHP_BLIC.verilog may have changed because the following files changed:
                        E:\Projects\DRDO\drdo\component\syn_comps.v (N/A, 2026-06-17 00:47:39) <-- (module definition)
7        work.apb_led_slave.verilog may have changed because the following files changed:
                        E:\Projects\DRDO\drdo\component\work\top_soc_new\top_soc_new.vhd (N/A, 2026-06-16 14:07:31) <-- (may instantiate this module)
                        E:\Projects\DRDO\drdo\hdl\apb_led_slave.v (N/A, 2026-06-15 15:08:01) <-- (module definition)
8        work.coreapb3_c0.rtl may have changed because the following files changed:
                        E:\Projects\DRDO\drdo\component\work\CoreAPB3_C0\CoreAPB3_C0.vhd (N/A, 2026-06-15 23:26:49) <-- (architecture and entity definition)
                        E:\Projects\DRDO\drdo\component\work\top_soc_new\top_soc_new.vhd (N/A, 2026-06-16 14:07:31) <-- (may instantiate this module)
10       work.fccc_c0.rtl may have changed because the following files changed:
                        E:\Projects\DRDO\drdo\component\work\FCCC_C0\FCCC_C0.vhd (N/A, 2026-06-16 13:59:32) <-- (architecture and entity definition)
                        E:\Projects\DRDO\drdo\component\work\top_soc_new\top_soc_new.vhd (N/A, 2026-06-16 14:07:31) <-- (may instantiate this module)
12       work.fccc_c0_fccc_c0_0_fccc.def_arch may have changed because the following files changed:
                        E:\Projects\DRDO\drdo\component\work\FCCC_C0\FCCC_C0.vhd (N/A, 2026-06-16 13:59:32) <-- (may instantiate this module)
                        E:\Projects\DRDO\drdo\component\work\FCCC_C0\FCCC_C0_0\FCCC_C0_FCCC_C0_0_FCCC.vhd (N/A, 2026-06-16 13:59:31) <-- (architecture and entity definition)
                        E:\Projects\DRDO\drdo\component\work\top_soc_new\top_soc_new.vhd (N/A, 2026-06-16 14:07:31) <-- (may instantiate this module)
14       work.mss_010.def_arch may have changed because the following files changed:
                        E:\Projects\DRDO\drdo\component\work\MSS_C0_MSS\MSS_C0_MSS.vhd (N/A, 2026-06-17 00:46:51) <-- (may instantiate this module)
                        E:\Projects\DRDO\drdo\component\work\MSS_C0_MSS\MSS_C0_MSS_syn.vhd (N/A, 2026-06-17 00:46:51) <-- (architecture and entity definition)
                        E:\Projects\DRDO\drdo\component\work\top_soc_new\top_soc_new.vhd (N/A, 2026-06-16 14:07:31) <-- (may instantiate this module)
16       work.mss_c0_mss.rtl may have changed because the following files changed:
                        E:\Projects\DRDO\drdo\component\work\MSS_C0_MSS\MSS_C0_MSS.vhd (N/A, 2026-06-17 00:46:51) <-- (architecture and entity definition)
                        E:\Projects\DRDO\drdo\component\work\top_soc_new\top_soc_new.vhd (N/A, 2026-06-16 14:07:31) <-- (may instantiate this module)
18       work.top_soc_new.rtl may have changed because the following files changed:
                        E:\Projects\DRDO\drdo\component\work\top_soc_new\top_soc_new.vhd (N/A, 2026-06-16 14:07:31) <-- (architecture and entity definition)

*******************************************************************
Unmodified files: 0
FID:  path (timestamp)

*******************************************************************
Unchanged modules: 0
MID:  lib.cell.view
